<?xml version="1.0" encoding="UTF-8"?>
<testng-results skipped="2" failed="0" ignored="0" total="6" passed="4">
  <reporter-output>
    <line>
      <![CDATA[<br>Verification failure : expected [abc] but found [xyz]</br>]]>
    </line>
    <line>
      <![CDATA[<a target ="_blank" href=Mon_Mar_19_17_41_10_MSK_2018.jpg><img src =Mon_Mar_19_17_41_10_MSK_2018.jpg height=200 width=200></img></a>]]>
    </line>
    <line>
      <![CDATA[<br>]]>
    </line>
    <line>
      <![CDATA[<br>]]>
    </line>
    <line>
      <![CDATA[Login successfully executed]]>
    </line>
  </reporter-output>
  <suite name="Data Driven Framework_2" duration-ms="15224" started-at="2018-03-19T14:41:10Z" finished-at="2018-03-19T14:41:25Z">
    <groups>
    </groups>
    <test name="Bank Manager Login Test" duration-ms="3963" started-at="2018-03-19T14:41:10Z" finished-at="2018-03-19T14:41:14Z">
      <class name="com.w2.automation.testcases.LoginTest">
        <test-method status="PASS" signature="loginAsBAnkManager()[pri:0, instance:com.w2.automation.testcases.LoginTest@6404f418]" name="loginAsBAnkManager" duration-ms="3526" started-at="2018-03-19T17:41:10Z" finished-at="2018-03-19T17:41:13Z">
          <reporter-output>
            <line>
              <![CDATA[<br>Verification failure : expected [abc] but found [xyz]</br>]]>
            </line>
            <line>
              <![CDATA[<a target ="_blank" href=Mon_Mar_19_17_41_10_MSK_2018.jpg><img src =Mon_Mar_19_17_41_10_MSK_2018.jpg height=200 width=200></img></a>]]>
            </line>
            <line>
              <![CDATA[<br>]]>
            </line>
            <line>
              <![CDATA[<br>]]>
            </line>
            <line>
              <![CDATA[Login successfully executed]]>
            </line>
          </reporter-output>
        </test-method> <!-- loginAsBAnkManager -->
      </class> <!-- com.w2.automation.testcases.LoginTest -->
    </test> <!-- Bank Manager Login Test -->
    <test name="Add Customer Test" duration-ms="11083" started-at="2018-03-19T14:41:14Z" finished-at="2018-03-19T14:41:25Z">
      <class name="com.w2.automation.testcases.AddCustomerTest">
        <test-method status="PASS" signature="addCustomer(java.lang.String, java.lang.String, java.lang.String, java.lang.String, java.lang.String)[pri:0, instance:com.w2.automation.testcases.AddCustomerTest@54a7079e]" name="addCustomer" duration-ms="3567" started-at="2018-03-19T17:41:14Z" data-provider="getData" finished-at="2018-03-19T17:41:17Z">
          <params>
            <param index="0">
              <value>
                <![CDATA[Ivan]]>
              </value>
            </param>
            <param index="1">
              <value>
                <![CDATA[Ivanov]]>
              </value>
            </param>
            <param index="2">
              <value>
                <![CDATA[94040.0]]>
              </value>
            </param>
            <param index="3">
              <value>
                <![CDATA[Customer added successfully]]>
              </value>
            </param>
            <param index="4">
              <value>
                <![CDATA[Y]]>
              </value>
            </param>
          </params>
          <reporter-output>
          </reporter-output>
        </test-method> <!-- addCustomer -->
        <test-method status="SKIP" signature="addCustomer(java.lang.String, java.lang.String, java.lang.String, java.lang.String, java.lang.String)[pri:0, instance:com.w2.automation.testcases.AddCustomerTest@54a7079e]" name="addCustomer" duration-ms="0" started-at="2018-03-19T17:41:17Z" data-provider="getData" finished-at="2018-03-19T17:41:17Z">
          <params>
            <param index="0">
              <value>
                <![CDATA[Fedor]]>
              </value>
            </param>
            <param index="1">
              <value>
                <![CDATA[Fedorov]]>
              </value>
            </param>
            <param index="2">
              <value>
                <![CDATA[12345.0]]>
              </value>
            </param>
            <param index="3">
              <value>
                <![CDATA[Customer added successfully]]>
              </value>
            </param>
            <param index="4">
              <value>
                <![CDATA[N]]>
              </value>
            </param>
          </params>
          <exception class="org.testng.SkipException">
            <message>
              <![CDATA[Skipping the test case as the runmode for data set is NO]]>
            </message>
            <full-stacktrace>
              <![CDATA[org.testng.SkipException: Skipping the test case as the runmode for data set is NO
	at com.w2.automation.testcases.AddCustomerTest.addCustomer(AddCustomerTest.java:23)
	at sun.reflect.NativeMethodAccessorImpl.invoke0(Native Method)
	at sun.reflect.NativeMethodAccessorImpl.invoke(NativeMethodAccessorImpl.java:62)
	at sun.reflect.DelegatingMethodAccessorImpl.invoke(DelegatingMethodAccessorImpl.java:43)
	at java.lang.reflect.Method.invoke(Method.java:498)
	at org.testng.internal.MethodInvocationHelper.invokeMethod(MethodInvocationHelper.java:108)
	at org.testng.internal.Invoker.invokeMethod(Invoker.java:661)
	at org.testng.internal.Invoker.invokeTestMethod(Invoker.java:869)
	at org.testng.internal.Invoker.invokeTestMethods(Invoker.java:1193)
	at org.testng.internal.TestMethodWorker.invokeTestMethods(TestMethodWorker.java:126)
	at org.testng.internal.TestMethodWorker.run(TestMethodWorker.java:109)
	at org.testng.TestRunner.privateRun(TestRunner.java:744)
	at org.testng.TestRunner.run(TestRunner.java:602)
	at org.testng.SuiteRunner.runTest(SuiteRunner.java:380)
	at org.testng.SuiteRunner.runSequentially(SuiteRunner.java:375)
	at org.testng.SuiteRunner.privateRun(SuiteRunner.java:340)
	at org.testng.SuiteRunner.run(SuiteRunner.java:289)
	at org.testng.SuiteRunnerWorker.runSuite(SuiteRunnerWorker.java:52)
	at org.testng.SuiteRunnerWorker.run(SuiteRunnerWorker.java:86)
	at org.testng.TestNG.runSuitesSequentially(TestNG.java:1301)
	at org.testng.TestNG.runSuitesLocally(TestNG.java:1226)
	at org.testng.TestNG.runSuites(TestNG.java:1144)
	at org.testng.TestNG.run(TestNG.java:1115)
	at org.apache.maven.surefire.testng.TestNGExecutor.run(TestNGExecutor.java:283)
	at org.apache.maven.surefire.testng.TestNGXmlTestSuite.execute(TestNGXmlTestSuite.java:75)
	at org.apache.maven.surefire.testng.TestNGProvider.invoke(TestNGProvider.java:120)
	at org.apache.maven.surefire.booter.ForkedBooter.invokeProviderInSameClassLoader(ForkedBooter.java:373)
	at org.apache.maven.surefire.booter.ForkedBooter.runSuitesInProcess(ForkedBooter.java:334)
	at org.apache.maven.surefire.booter.ForkedBooter.execute(ForkedBooter.java:119)
	at org.apache.maven.surefire.booter.ForkedBooter.main(ForkedBooter.java:407)
]]>
            </full-stacktrace>
          </exception> <!-- org.testng.SkipException -->
          <reporter-output>
          </reporter-output>
        </test-method> <!-- addCustomer -->
        <test-method status="PASS" signature="addCustomer(java.lang.String, java.lang.String, java.lang.String, java.lang.String, java.lang.String)[pri:0, instance:com.w2.automation.testcases.AddCustomerTest@54a7079e]" name="addCustomer" duration-ms="3571" started-at="2018-03-19T17:41:17Z" data-provider="getData" finished-at="2018-03-19T17:41:21Z">
          <params>
            <param index="0">
              <value>
                <![CDATA[Nikita]]>
              </value>
            </param>
            <param index="1">
              <value>
                <![CDATA[Nikitin]]>
              </value>
            </param>
            <param index="2">
              <value>
                <![CDATA[67890.0]]>
              </value>
            </param>
            <param index="3">
              <value>
                <![CDATA[Customer added successfully]]>
              </value>
            </param>
            <param index="4">
              <value>
                <![CDATA[Y]]>
              </value>
            </param>
          </params>
          <reporter-output>
          </reporter-output>
        </test-method> <!-- addCustomer -->
        <test-method status="PASS" signature="addCustomer(java.lang.String, java.lang.String, java.lang.String, java.lang.String, java.lang.String)[pri:0, instance:com.w2.automation.testcases.AddCustomerTest@54a7079e]" name="addCustomer" duration-ms="3489" started-at="2018-03-19T17:41:21Z" data-provider="getData" finished-at="2018-03-19T17:41:25Z">
          <params>
            <param index="0">
              <value>
                <![CDATA[Sergey]]>
              </value>
            </param>
            <param index="1">
              <value>
                <![CDATA[Sergeev]]>
              </value>
            </param>
            <param index="2">
              <value>
                <![CDATA[34567.0]]>
              </value>
            </param>
            <param index="3">
              <value>
                <![CDATA[Customer added successfully]]>
              </value>
            </param>
            <param index="4">
              <value>
                <![CDATA[Y]]>
              </value>
            </param>
          </params>
          <reporter-output>
          </reporter-output>
        </test-method> <!-- addCustomer -->
      </class> <!-- com.w2.automation.testcases.AddCustomerTest -->
    </test> <!-- Add Customer Test -->
    <test name="Open Account Test" duration-ms="78" started-at="2018-03-19T14:41:25Z" finished-at="2018-03-19T14:41:25Z">
      <class name="com.w2.automation.testcases.OpenAccountTest">
        <test-method status="PASS" signature="setUp()[pri:0, instance:com.w2.automation.testcases.OpenAccountTest@2dc54ad4]" name="setUp" is-config="true" duration-ms="27394" started-at="2018-03-19T17:40:42Z" finished-at="2018-03-19T17:41:10Z">
          <reporter-output>
          </reporter-output>
        </test-method> <!-- setUp -->
        <test-method status="SKIP" signature="openAccountTest(java.lang.String, java.lang.String, java.lang.String)[pri:0, instance:com.w2.automation.testcases.OpenAccountTest@2dc54ad4]" name="openAccountTest" duration-ms="2" started-at="2018-03-19T17:41:25Z" data-provider="openAccount" finished-at="2018-03-19T17:41:25Z">
          <params>
            <param index="0">
              <value>
                <![CDATA[Harry Potter]]>
              </value>
            </param>
            <param index="1">
              <value>
                <![CDATA[Dollar]]>
              </value>
            </param>
            <param index="2">
              <value>
                <![CDATA[Account created successfully]]>
              </value>
            </param>
          </params>
          <exception class="org.testng.SkipException">
            <message>
              <![CDATA[Skipping the test OPENACCOUNTTESTas the Run mode is NO]]>
            </message>
            <full-stacktrace>
              <![CDATA[org.testng.SkipException: Skipping the test OPENACCOUNTTESTas the Run mode is NO
	at com.w2.automation.testcases.OpenAccountTest.openAccountTest(OpenAccountTest.java:21)
	at sun.reflect.NativeMethodAccessorImpl.invoke0(Native Method)
	at sun.reflect.NativeMethodAccessorImpl.invoke(NativeMethodAccessorImpl.java:62)
	at sun.reflect.DelegatingMethodAccessorImpl.invoke(DelegatingMethodAccessorImpl.java:43)
	at java.lang.reflect.Method.invoke(Method.java:498)
	at org.testng.internal.MethodInvocationHelper.invokeMethod(MethodInvocationHelper.java:108)
	at org.testng.internal.Invoker.invokeMethod(Invoker.java:661)
	at org.testng.internal.Invoker.invokeTestMethod(Invoker.java:869)
	at org.testng.internal.Invoker.invokeTestMethods(Invoker.java:1193)
	at org.testng.internal.TestMethodWorker.invokeTestMethods(TestMethodWorker.java:126)
	at org.testng.internal.TestMethodWorker.run(TestMethodWorker.java:109)
	at org.testng.TestRunner.privateRun(TestRunner.java:744)
	at org.testng.TestRunner.run(TestRunner.java:602)
	at org.testng.SuiteRunner.runTest(SuiteRunner.java:380)
	at org.testng.SuiteRunner.runSequentially(SuiteRunner.java:375)
	at org.testng.SuiteRunner.privateRun(SuiteRunner.java:340)
	at org.testng.SuiteRunner.run(SuiteRunner.java:289)
	at org.testng.SuiteRunnerWorker.runSuite(SuiteRunnerWorker.java:52)
	at org.testng.SuiteRunnerWorker.run(SuiteRunnerWorker.java:86)
	at org.testng.TestNG.runSuitesSequentially(TestNG.java:1301)
	at org.testng.TestNG.runSuitesLocally(TestNG.java:1226)
	at org.testng.TestNG.runSuites(TestNG.java:1144)
	at org.testng.TestNG.run(TestNG.java:1115)
	at org.apache.maven.surefire.testng.TestNGExecutor.run(TestNGExecutor.java:283)
	at org.apache.maven.surefire.testng.TestNGXmlTestSuite.execute(TestNGXmlTestSuite.java:75)
	at org.apache.maven.surefire.testng.TestNGProvider.invoke(TestNGProvider.java:120)
	at org.apache.maven.surefire.booter.ForkedBooter.invokeProviderInSameClassLoader(ForkedBooter.java:373)
	at org.apache.maven.surefire.booter.ForkedBooter.runSuitesInProcess(ForkedBooter.java:334)
	at org.apache.maven.surefire.booter.ForkedBooter.execute(ForkedBooter.java:119)
	at org.apache.maven.surefire.booter.ForkedBooter.main(ForkedBooter.java:407)
]]>
            </full-stacktrace>
          </exception> <!-- org.testng.SkipException -->
          <reporter-output>
          </reporter-output>
        </test-method> <!-- openAccountTest -->
        <test-method status="PASS" signature="tearDown()[pri:0, instance:com.w2.automation.testcases.OpenAccountTest@2dc54ad4]" name="tearDown" is-config="true" duration-ms="1189" started-at="2018-03-19T17:41:25Z" finished-at="2018-03-19T17:41:26Z">
          <reporter-output>
          </reporter-output>
        </test-method> <!-- tearDown -->
      </class> <!-- com.w2.automation.testcases.OpenAccountTest -->
    </test> <!-- Open Account Test -->
  </suite> <!-- Data Driven Framework_2 -->
</testng-results>
